<?xml version="1.0" encoding="UTF-8"?>
<testsuite name="com.assessments.firstnonrepeatedchar.FirstNonRepeatedCharacterTest" tests="3" skipped="0" failures="0" errors="0" timestamp="2023-12-26T03:25:27" hostname="paripek-mbk" time="0.008">
  <properties/>
  <testcase name="testFirstNonRepeatedChar()" classname="com.assessments.firstnonrepeatedchar.FirstNonRepeatedCharacterTest" time="0.006"/>
  <testcase name="testFirstNonRepeatedCharWithNullString()" classname="com.assessments.firstnonrepeatedchar.FirstNonRepeatedCharacterTest" time="0.0"/>
  <testcase name="testFirstNonRepeatedCharWithEmptyString()" classname="com.assessments.firstnonrepeatedchar.FirstNonRepeatedCharacterTest" time="0.0"/>
  <system-out><![CDATA[]]></system-out>
  <system-err><![CDATA[]]></system-err>
</testsuite>
